<?xml version="1.0" encoding="UTF-8"?>
<testsuite xmlns:xsi="http://www.w3.org/2001/XMLSchema-instance" xsi:noNamespaceSchemaLocation="https://maven.apache.org/surefire/maven-surefire-plugin/xsd/surefire-test-report.xsd" version="3.0.2" name="druid.elf.tool.ToolApplicationTests" time="8.973" tests="1" errors="0" skipped="0" failures="0">
  <properties>
[...]
</properties>
  <testcase name="contextLoads" classname="druid.elf.tool.ToolApplicationTests" time="0.743">
    <system-out><![CDATA[11:41:18.115 [main] INFO org.springframework.test.context.support.AnnotationConfigContextLoaderUtils -- Could not detect default configuration classes for test class [druid.elf.tool.ToolApplicationTests]: ToolApplicationTests does not declare any static, non-private, non-final, nested classes annotated with @Configuration.
11:41:18.279 [main] INFO org.springframework.boot.test.context.SpringBootTestContextBootstrapper -- Found @SpringBootConfiguration druid.elf.tool.CryptoTradingApplication for test class druid.elf.tool.ToolApplicationTests

  .   ____          _            __ _ _
 /\\ / ___'_ __ _ _(_)_ __  __ _ \ \ \ \
( ( )\___ | '_ | '_| | '_ \/ _` | \ \ \ \
 \\/  ___)| |_)| | | | | || (_| |  ) ) ) )
  '  |____| .__|_| |_|_| |_\__, | / / / /
 =========|_|==============|___/=/_/_/_/

 :: Spring Boot ::                (v3.4.2)

2025-08-05T11:41:18.907+08:00  INFO 9796 --- [           main] druid.elf.tool.ToolApplicationTests      : Starting ToolApplicationTests using Java 21.0.8 with PID 9796 (started by druid in C:\Users\druid\IdeaProjects\crypto-trading)
2025-08-05T11:41:18.909+08:00  INFO 9796 --- [           main] druid.elf.tool.ToolApplicationTests      : No active profile set, falling back to 1 default profile: "default"
2025-08-05T11:41:19.949+08:00  INFO 9796 --- [           main] .s.d.r.c.RepositoryConfigurationDelegate : Bootstrapping Spring Data JPA repositories in DEFAULT mode.
2025-08-05T11:41:20.061+08:00  INFO 9796 --- [           main] .s.d.r.c.RepositoryConfigurationDelegate : Finished Spring Data repository scanning in 98 ms. Found 3 JPA repository interfaces.
2025-08-05T11:41:20.944+08:00  INFO 9796 --- [           main] o.hibernate.jpa.internal.util.LogHelper  : HHH000204: Processing PersistenceUnitInfo [name: default]
2025-08-05T11:41:21.022+08:00  INFO 9796 --- [           main] org.hibernate.Version                    : HHH000412: Hibernate ORM core version 6.6.5.Final
2025-08-05T11:41:21.068+08:00  INFO 9796 --- [           main] o.h.c.internal.RegionFactoryInitiator    : HHH000026: Second-level cache disabled
2025-08-05T11:41:21.538+08:00  INFO 9796 --- [           main] o.s.o.j.p.SpringPersistenceUnitInfo      : No LoadTimeWeaver setup: ignoring JPA class transformer
2025-08-05T11:41:21.605+08:00  INFO 9796 --- [           main] com.zaxxer.hikari.HikariDataSource       : HikariPool-1 - Starting...
2025-08-05T11:41:21.832+08:00  INFO 9796 --- [           main] com.zaxxer.hikari.pool.HikariPool        : HikariPool-1 - Added connection conn0: url=jdbc:h2:file:./db/tool user=SA
2025-08-05T11:41:21.834+08:00  INFO 9796 --- [           main] com.zaxxer.hikari.HikariDataSource       : HikariPool-1 - Start completed.
2025-08-05T11:41:21.859+08:00  WARN 9796 --- [           main] org.hibernate.orm.deprecation            : HHH90000025: H2Dialect does not need to be specified explicitly using 'hibernate.dialect' (remove the property setting and it will be selected by default)
2025-08-05T11:41:21.881+08:00  INFO 9796 --- [           main] org.hibernate.orm.connections.pooling    : HHH10001005: Database info:
	Database JDBC URL [Connecting through datasource 'HikariDataSource (HikariPool-1)']
	Database driver: undefined/unknown
	Database version: 2.3.232
	Autocommit mode: undefined/unknown
	Isolation level: undefined/unknown
	Minimum pool size: undefined/unknown
	Maximum pool size: undefined/unknown
2025-08-05T11:41:23.061+08:00  INFO 9796 --- [           main] o.h.e.t.j.p.i.JtaPlatformInitiator       : HHH000489: No JTA platform available (set 'hibernate.transaction.jta.platform' to enable JTA platform integration)
Hibernate: create table settings (id varchar(255) not null, crypto_mode varchar(10) not null, fetch_frequency integer, primary key (id))
Hibernate: comment on table settings is '设置表'
Hibernate: comment on column settings.id is '主键ID'
Hibernate: comment on column settings.crypto_mode is '加密货币抓取模式'
Hibernate: comment on column settings.fetch_frequency is '数据抓取频率（分钟）'
Hibernate: create table settings_crypto_symbols (settings_id varchar(255) not null, crypto_symbol varchar(255))
Hibernate: comment on table settings_crypto_symbols is '加密货币代号列表'
Hibernate: create table settings_exchange_types (settings_id varchar(255) not null, exchange_type varchar(255))
Hibernate: comment on table settings_exchange_types is '交易所类型设置'
Hibernate: create table settings_proxy (id varchar(255) not null, ip varchar(50) not null, password varchar(50), port integer not null, settings_id varchar(255), type varchar(10) not null, username varchar(50), primary key (id))
Hibernate: comment on table settings_proxy is '关联的代理列表'
Hibernate: comment on column settings_proxy.id is '主键ID'
Hibernate: comment on column settings_proxy.ip is '代理IP地址'
Hibernate: comment on column settings_proxy.password is '代理密码'
Hibernate: comment on column settings_proxy.port is '代理端口'
Hibernate: comment on column settings_proxy.settings_id is '所属设置ID'
Hibernate: comment on column settings_proxy.type is '代理类型'
Hibernate: comment on column settings_proxy.username is '代理账号'
Hibernate: create table trade_signal (id varchar(255) not null, buy_price numeric(38,8), exchange varchar(30) not null, expiration varchar(20), price numeric(38,8) not null, profit_loss_ratio numeric(38,2), remark varchar(200), signal varchar(10) not null, signal_time timestamp(6) not null, stop_loss numeric(38,8), strategy varchar(50), symbol varchar(20) not null, take_profit numeric(38,8), primary key (id))
Hibernate: comment on table trade_signal is '交易信号表'
Hibernate: comment on column trade_signal.id is '主键ID'
Hibernate: comment on column trade_signal.buy_price is '买入价格'
Hibernate: comment on column trade_signal.exchange is '交易所名称'
Hibernate: comment on column trade_signal.expiration is '计划有效期'
Hibernate: comment on column trade_signal.price is '当前价格'
Hibernate: comment on column trade_signal.profit_loss_ratio is '盈亏比'
Hibernate: comment on column trade_signal.remark is '备注'
Hibernate: comment on column trade_signal.signal is '交易信号'
Hibernate: comment on column trade_signal.signal_time is '信号生成时间'
Hibernate: comment on column trade_signal.stop_loss is '止损价格'
Hibernate: comment on column trade_signal.strategy is '策略'
Hibernate: comment on column trade_signal.symbol is '交易对'
Hibernate: comment on column trade_signal.take_profit is '止盈价格'
Hibernate: create table trading_pairs (id varchar(255) not null, base_currency varchar(20) not null, created_at timestamp(6) not null, exchange varchar(20) not null, instrument_type varchar(20), listing_date timestamp(6), quote_currency varchar(20) not null, status varchar(10) not null, symbol varchar(50) not null, updated_at timestamp(6) not null, primary key (id))
Hibernate: comment on table trading_pairs is '交易对信息表'
Hibernate: comment on column trading_pairs.id is '主键ID'
Hibernate: comment on column trading_pairs.base_currency is '基础货币'
Hibernate: comment on column trading_pairs.created_at is '创建时间'
Hibernate: comment on column trading_pairs.exchange is '交易所名称'
Hibernate: comment on column trading_pairs.instrument_type is '交易类型'
Hibernate: comment on column trading_pairs.listing_date is '上线时间'
Hibernate: comment on column trading_pairs.quote_currency is '报价货币'
Hibernate: comment on column trading_pairs.status is '交易对状态'
Hibernate: comment on column trading_pairs.symbol is '交易对名称'
Hibernate: comment on column trading_pairs.updated_at is '更新时间'
Hibernate: alter table if exists settings_crypto_symbols add constraint FKgoo4mmqne6kos1yef4mq5k5ha foreign key (settings_id) references settings
Hibernate: alter table if exists settings_exchange_types add constraint FK9tqskebmqtld83e4oyr5xt29g foreign key (settings_id) references settings
Hibernate: alter table if exists settings_proxy add constraint FKjgclqhdkmsud5eqsxuuudnj0j foreign key (settings_id) references settings
2025-08-05T11:41:23.154+08:00  INFO 9796 --- [           main] j.LocalContainerEntityManagerFactoryBean : Initialized JPA EntityManagerFactory for persistence unit 'default'
2025-08-05T11:41:23.548+08:00  INFO 9796 --- [           main] o.s.d.j.r.query.QueryEnhancerFactory     : Hibernate is in classpath; If applicable, HQL parser will be used.
2025-08-05T11:41:24.747+08:00  INFO 9796 --- [         task-1] d.elf.tool.service.task.TradingPairTask  : 开始异步同步所有交易所的交易对数据
2025-08-05T11:41:24.749+08:00  INFO 9796 --- [           main] d.elf.tool.service.task.IndicatorTask    : 已触发 IndicatorTask 异步初始化，等待 TradingPairTask 完成后执行，项目启动流程继续
2025-08-05T11:41:24.752+08:00  INFO 9796 --- [onPool-worker-1] o.s.b.f.s.DefaultListableBeanFactory     : Creating singleton bean 'transactionManager' in thread "ForkJoinPool.commonPool-worker-1" while other thread holds singleton lock for other beans [indicatorTask]
2025-08-05T11:41:24.757+08:00  INFO 9796 --- [onPool-worker-1] o.s.b.f.s.DefaultListableBeanFactory     : Creating singleton bean 'platformTransactionManagerCustomizers' in thread "ForkJoinPool.commonPool-worker-1" while other thread holds singleton lock for other beans [tradingPairService, transactionManager]
2025-08-05T11:41:24.757+08:00  INFO 9796 --- [onPool-worker-1] o.s.b.f.s.DefaultListableBeanFactory     : Creating singleton bean 'org.springframework.boot.autoconfigure.transaction.TransactionManagerCustomizationAutoConfiguration' in thread "ForkJoinPool.commonPool-worker-1" while other thread holds singleton lock for other beans [commentIntegrator, transactionManager, platformTransactionManagerCustomizers]
2025-08-05T11:41:24.761+08:00  INFO 9796 --- [onPool-worker-1] o.s.b.f.s.DefaultListableBeanFactory     : Creating singleton bean 'transactionExecutionListeners' in thread "ForkJoinPool.commonPool-worker-1" while other thread holds singleton lock for other beans [spring.ssl-org.springframework.boot.autoconfigure.ssl.SslProperties, org.springframework.boot.autoconfigure.ssl.SslAutoConfiguration, transactionManager, platformTransactionManagerCustomizers]
2025-08-05T11:41:24.765+08:00  INFO 9796 --- [onPool-worker-1] o.s.b.f.s.DefaultListableBeanFactory     : Creating singleton bean 'spring.transaction-org.springframework.boot.autoconfigure.transaction.TransactionProperties' in thread "ForkJoinPool.commonPool-worker-1" while other thread holds singleton lock for other beans [org.springframework.boot.autoconfigure.ssl.SslAutoConfiguration, transactionManager, platformTransactionManagerCustomizers]
2025-08-05T11:41:25.133+08:00  WARN 9796 --- [           main] JpaBaseConfiguration$JpaWebConfiguration : spring.jpa.open-in-view is enabled by default. Therefore, database queries may be performed during view rendering. Explicitly configure spring.jpa.open-in-view to disable this warning
Hibernate: select s1_0.id,s1_0.crypto_mode,s1_0.fetch_frequency from settings s1_0
2025-08-05T11:41:25.223+08:00  INFO 9796 --- [           main] o.s.b.a.w.s.WelcomePageHandlerMapping    : Adding welcome page template: index
2025-08-05T11:41:25.893+08:00  INFO 9796 --- [           main] o.s.b.a.h2.H2ConsoleAutoConfiguration    : H2 console available at '/h2-console'. Database available at 'jdbc:h2:file:./db/tool'
Hibernate: select tp1_0.id,tp1_0.base_currency,tp1_0.created_at,tp1_0.exchange,tp1_0.instrument_type,tp1_0.listing_date,tp1_0.quote_currency,tp1_0.status,tp1_0.symbol,tp1_0.updated_at from trading_pairs tp1_0
Hibernate: select s1_0.id,s1_0.crypto_mode,s1_0.fetch_frequency from settings s1_0
2025-08-05T11:41:26.046+08:00  INFO 9796 --- [           main] druid.elf.tool.ToolApplicationTests      : Started ToolApplicationTests in 7.574 seconds (process running for 9.12)
]]></system-out>
    <system-err><![CDATA[Mockito is currently self-attaching to enable the inline-mock-maker. This will no longer work in future releases of the JDK. Please add Mockito as an agent to your build what is described in Mockito's documentation: https://javadoc.io/doc/org.mockito/mockito-core/latest/org/mockito/Mockito.html#0.3
WARNING: A Java agent has been loaded dynamically (C:\Users\druid\.m2\repository\net\bytebuddy\byte-buddy-agent\1.15.11\byte-buddy-agent-1.15.11.jar)
WARNING: If a serviceability tool is in use, please run with -XX:+EnableDynamicAgentLoading to hide this warning
WARNING: If a serviceability tool is not in use, please run with -Djdk.instrument.traceUsage for more information
WARNING: Dynamic loading of agents will be disallowed by default in a future release
]]></system-err>
  </testcase>
</testsuite>